[debug] [2025-09-12T13:24:20.361Z] ----------------------------------------------------------------------
[debug] [2025-09-12T13:24:20.364Z] Command:       C:\Program Files\nodejs\node.exe C:\Users\sugi2\AppData\Roaming\npm\node_modules\firebase-tools\lib\bin\firebase.js emulators:start
[debug] [2025-09-12T13:24:20.364Z] CLI Version:   14.16.0
[debug] [2025-09-12T13:24:20.364Z] Platform:      win32
[debug] [2025-09-12T13:24:20.364Z] Node Version:  v22.13.1
[debug] [2025-09-12T13:24:20.365Z] Time:          Fri Sep 12 2025 22:24:20 GMT+0900 (日本標準時)
[debug] [2025-09-12T13:24:20.365Z] ----------------------------------------------------------------------
[debug] 
[debug] [2025-09-12T13:24:20.579Z] > command requires scopes: ["email","openid","https://www.googleapis.com/auth/cloudplatformprojects.readonly","https://www.googleapis.com/auth/firebase","https://www.googleapis.com/auth/cloud-platform"]
[debug] [2025-09-12T13:24:20.579Z] > authorizing via signed-in user (2005ryu427@gmail.com)
[info] i  emulators: Starting emulators: functions, hosting, extensions {"metadata":{"emulator":{"name":"hub"},"message":"Starting emulators: functions, hosting, extensions"}}
[debug] [2025-09-12T13:24:20.583Z] Checked if tokens are valid: true, expires at: 1757686532639
[debug] [2025-09-12T13:24:20.583Z] Checked if tokens are valid: true, expires at: 1757686532639
[debug] [2025-09-12T13:24:20.584Z] >>> [apiv2][query] GET https://serviceusage.googleapis.com/v1/projects/trans-grid-425812-r4/services/cloudresourcemanager.googleapis.com [none]
[debug] [2025-09-12T13:24:20.584Z] >>> [apiv2][(partial)header] GET https://serviceusage.googleapis.com/v1/projects/trans-grid-425812-r4/services/cloudresourcemanager.googleapis.com x-goog-quota-user=projects/trans-grid-425812-r4
[debug] [2025-09-12T13:24:21.637Z] <<< [apiv2][status] GET https://serviceusage.googleapis.com/v1/projects/trans-grid-425812-r4/services/cloudresourcemanager.googleapis.com 200
[debug] [2025-09-12T13:24:21.637Z] <<< [apiv2][body] GET https://serviceusage.googleapis.com/v1/projects/trans-grid-425812-r4/services/cloudresourcemanager.googleapis.com [omitted]
[debug] [2025-09-12T13:24:21.657Z] Checked if tokens are valid: true, expires at: 1757686532639
[debug] [2025-09-12T13:24:21.657Z] Checked if tokens are valid: true, expires at: 1757686532639
[debug] [2025-09-12T13:24:21.657Z] >>> [apiv2][query] GET https://cloudresourcemanager.googleapis.com/v1/projects/trans-grid-425812-r4 [none]
[debug] [2025-09-12T13:24:22.353Z] <<< [apiv2][status] GET https://cloudresourcemanager.googleapis.com/v1/projects/trans-grid-425812-r4 200
[debug] [2025-09-12T13:24:22.354Z] <<< [apiv2][body] GET https://cloudresourcemanager.googleapis.com/v1/projects/trans-grid-425812-r4 {"projectNumber":"174793626998","projectId":"trans-grid-425812-r4","lifecycleState":"ACTIVE","name":"My First Project","labels":{"firebase":"enabled"},"createTime":"2024-06-08T12:38:58.909487Z"}
[debug] [2025-09-12T13:24:22.363Z] [logging] Logging Emulator only supports listening on one address (127.0.0.1). Not listening on ::1
[debug] [2025-09-12T13:24:22.363Z] [hosting] Hosting Emulator only supports listening on one address (127.0.0.1). Not listening on ::1
[debug] [2025-09-12T13:24:22.363Z] assigned listening specs for emulators {"user":{"hub":[{"address":"127.0.0.1","family":"IPv4","port":4400},{"address":"::1","family":"IPv6","port":4400}],"ui":[{"address":"127.0.0.1","family":"IPv4","port":4000},{"address":"::1","family":"IPv6","port":4000}],"logging":[{"address":"127.0.0.1","family":"IPv4","port":4500}],"hosting":[{"address":"127.0.0.1","family":"IPv4","port":5000}]},"metadata":{"message":"assigned listening specs for emulators"}}
[debug] [2025-09-12T13:24:22.368Z] Emulator locator file path: C:\Users\sugi2\AppData\Local\Temp\hub-trans-grid-425812-r4.json
[debug] [2025-09-12T13:24:22.368Z] [hub] writing locator at C:\Users\sugi2\AppData\Local\Temp\hub-trans-grid-425812-r4.json
[debug] [2025-09-12T13:24:22.377Z] [Extensions] Started Extensions emulator, this is a noop.
[debug] [2025-09-12T13:24:22.383Z] [functions] Functions Emulator only supports listening on one address (127.0.0.1). Not listening on ::1
[debug] [2025-09-12T13:24:22.383Z] [eventarc] Eventarc Emulator only supports listening on one address (127.0.0.1). Not listening on ::1
[debug] [2025-09-12T13:24:22.383Z] [tasks] Cloud Tasks Emulator only supports listening on one address (127.0.0.1). Not listening on ::1
[debug] [2025-09-12T13:24:22.383Z] late-assigned ports for functions and eventarc emulators {"user":{"hub":[{"address":"127.0.0.1","family":"IPv4","port":4400},{"address":"::1","family":"IPv6","port":4400}],"ui":[{"address":"127.0.0.1","family":"IPv4","port":4000},{"address":"::1","family":"IPv6","port":4000}],"logging":[{"address":"127.0.0.1","family":"IPv4","port":4500}],"hosting":[{"address":"127.0.0.1","family":"IPv4","port":5000}],"functions":[{"address":"127.0.0.1","family":"IPv4","port":5001}],"eventarc":[{"address":"127.0.0.1","family":"IPv4","port":9299}],"tasks":[{"address":"127.0.0.1","family":"IPv4","port":9499}]},"metadata":{"message":"late-assigned ports for functions and eventarc emulators"}}
[warn] !  functions: The following emulators are not running, calls to these services from the Functions emulator will affect production: apphosting, auth, firestore, database, pubsub, storage, dataconnect {"metadata":{"emulator":{"name":"functions"},"message":"The following emulators are not running, calls to these services from the Functions emulator will affect production: \u001b[1mapphosting, auth, firestore, database, pubsub, storage, dataconnect\u001b[22m"}}
[debug] [2025-09-12T13:24:22.396Z] defaultcredentials: writing to file C:\Users\sugi2\AppData\Roaming\firebase\2005ryu427_gmail_com_application_default_credentials.json
[debug] [2025-09-12T13:24:22.397Z] Setting GAC to C:\Users\sugi2\AppData\Roaming\firebase\2005ryu427_gmail_com_application_default_credentials.json {"metadata":{"emulator":{"name":"functions"},"message":"Setting GAC to C:\\Users\\sugi2\\AppData\\Roaming\\firebase\\2005ryu427_gmail_com_application_default_credentials.json"}}
[debug] [2025-09-12T13:24:22.398Z] Checked if tokens are valid: true, expires at: 1757686532639
[debug] [2025-09-12T13:24:22.398Z] Checked if tokens are valid: true, expires at: 1757686532639
[debug] [2025-09-12T13:24:22.398Z] >>> [apiv2][query] GET https://firebase.googleapis.com/v1beta1/projects/trans-grid-425812-r4/adminSdkConfig [none]
[debug] [2025-09-12T13:24:22.719Z] <<< [apiv2][status] GET https://firebase.googleapis.com/v1beta1/projects/trans-grid-425812-r4/adminSdkConfig 200
[debug] [2025-09-12T13:24:22.719Z] <<< [apiv2][body] GET https://firebase.googleapis.com/v1beta1/projects/trans-grid-425812-r4/adminSdkConfig {"projectId":"trans-grid-425812-r4","storageBucket":"trans-grid-425812-r4.firebasestorage.app","locationId":"asia-northeast1"}
[debug] [2025-09-12T13:24:22.748Z] Checked if tokens are valid: true, expires at: 1757686532639
[debug] [2025-09-12T13:24:22.748Z] Checked if tokens are valid: true, expires at: 1757686532639
[debug] [2025-09-12T13:24:22.749Z] >>> [apiv2][query] GET https://firebasehosting.googleapis.com/v1beta1/projects/trans-grid-425812-r4/sites 
[debug] [2025-09-12T13:24:23.529Z] <<< [apiv2][status] GET https://firebasehosting.googleapis.com/v1beta1/projects/trans-grid-425812-r4/sites 200
[debug] [2025-09-12T13:24:23.529Z] <<< [apiv2][body] GET https://firebasehosting.googleapis.com/v1beta1/projects/trans-grid-425812-r4/sites {"sites":[{"name":"projects/trans-grid-425812-r4/sites/trans-grid-425812-r4","defaultUrl":"https://trans-grid-425812-r4.web.app","type":"DEFAULT_SITE"},{"name":"projects/trans-grid-425812-r4/sites/trans-grid-425812-r4-79e1","defaultUrl":"https://trans-grid-425812-r4-79e1.web.app","type":"USER_SITE"},{"name":"projects/trans-grid-425812-r4/sites/trans-grid-425812-r4-d654","defaultUrl":"https://trans-grid-425812-r4-d654.web.app","type":"USER_SITE"}]}
[debug] [2025-09-12T13:24:23.529Z] Checked if tokens are valid: true, expires at: 1757686532639
[debug] [2025-09-12T13:24:23.529Z] Checked if tokens are valid: true, expires at: 1757686532639
[debug] [2025-09-12T13:24:23.529Z] >>> [apiv2][query] GET https://firebase.googleapis.com/v1beta1/projects/trans-grid-425812-r4/webApps/-/config [none]
[debug] [2025-09-12T13:24:24.396Z] <<< [apiv2][status] GET https://firebase.googleapis.com/v1beta1/projects/trans-grid-425812-r4/webApps/-/config 200
[debug] [2025-09-12T13:24:24.396Z] <<< [apiv2][body] GET https://firebase.googleapis.com/v1beta1/projects/trans-grid-425812-r4/webApps/-/config {"projectId":"trans-grid-425812-r4","appId":"1:174793626998:web:85704df45baa9fb85e9657","storageBucket":"trans-grid-425812-r4.firebasestorage.app","locationId":"asia-northeast1","apiKey":"AIzaSyAwhLXAidTodaVui4yLQ-AV0y00o8QWa3s","authDomain":"trans-grid-425812-r4.firebaseapp.com","messagingSenderId":"174793626998"}
[debug] [2025-09-12T13:24:24.417Z] Checked if tokens are valid: true, expires at: 1757686532639
[debug] [2025-09-12T13:24:24.417Z] Checked if tokens are valid: true, expires at: 1757686532639
[debug] [2025-09-12T13:24:24.417Z] >>> [apiv2][query] GET https://firebase.googleapis.com/v1beta1/projects/trans-grid-425812-r4 [none]
[debug] [2025-09-12T13:24:24.676Z] <<< [apiv2][status] GET https://firebase.googleapis.com/v1beta1/projects/trans-grid-425812-r4 200
[debug] [2025-09-12T13:24:24.676Z] <<< [apiv2][body] GET https://firebase.googleapis.com/v1beta1/projects/trans-grid-425812-r4 {"projectId":"trans-grid-425812-r4","projectNumber":"174793626998","displayName":"My First Project","name":"projects/trans-grid-425812-r4","resources":{"hostingSite":"trans-grid-425812-r4","locationId":"asia-northeast1"},"state":"ACTIVE","etag":"1_d912311d-40b4-4816-a588-924ba68ee689"}
[info] i  hosting[trans-grid-425812-r4]: Serving hosting files from: public {"metadata":{"emulator":{"name":"hosting"},"message":"Serving hosting files from: \u001b[1mpublic\u001b[22m"}}
[info] +  hosting[trans-grid-425812-r4]: Local server: http://127.0.0.1:5000 {"metadata":{"emulator":{"name":"hosting"},"message":"Local server: \u001b[4m\u001b[1mhttp://127.0.0.1:5000\u001b[22m\u001b[24m"}}
[info] i  ui: downloading ui-v1.15.0.zip... {"metadata":{"emulator":{"name":"ui"},"message":"downloading ui-v1.15.0.zip..."}}
[debug] [2025-09-12T13:24:24.695Z] >>> [apiv2][query] GET https://storage.googleapis.com/firebase-preview-drop/emulator/ui-v1.15.0.zip 
[debug] [2025-09-12T13:24:24.873Z] <<< [apiv2][status] GET https://storage.googleapis.com/firebase-preview-drop/emulator/ui-v1.15.0.zip 200
[debug] [2025-09-12T13:24:24.873Z] <<< [apiv2][body] GET https://storage.googleapis.com/firebase-preview-drop/emulator/ui-v1.15.0.zip [stream]
[debug] [2025-09-12T13:24:24.948Z] Data is 3538469
[debug] [2025-09-12T13:24:24.948Z] [unzip] Entry: client/ (compressed_size=0 bytes, uncompressed_size=0 bytes)
[debug] [2025-09-12T13:24:24.948Z] [unzip] Processing entry: client\
[debug] [2025-09-12T13:24:24.948Z] [unzip] mkdir: C:\Users\sugi2\.cache\firebase\emulators\ui-v1.15.0\client\
[debug] [2025-09-12T13:24:24.949Z] [unzip] Entry: client/favicon-16x16.png (compressed_size=293 bytes, uncompressed_size=293 bytes)
[debug] [2025-09-12T13:24:24.949Z] [unzip] Processing entry: client\favicon-16x16.png
[debug] [2025-09-12T13:24:24.949Z] [unzip] else mkdir: C:\Users\sugi2\.cache\firebase\emulators\ui-v1.15.0\client
[debug] [2025-09-12T13:24:24.949Z] [unzip] Writing file: C:\Users\sugi2\.cache\firebase\emulators\ui-v1.15.0\client\favicon-16x16.png
[debug] [2025-09-12T13:24:24.950Z] [unzip] Entry: client/safari-pinned-tab.svg (compressed_size=1433 bytes, uncompressed_size=2611 bytes)
[debug] [2025-09-12T13:24:24.950Z] [unzip] Processing entry: client\safari-pinned-tab.svg
[debug] [2025-09-12T13:24:24.950Z] [unzip] else mkdir: C:\Users\sugi2\.cache\firebase\emulators\ui-v1.15.0\client
[debug] [2025-09-12T13:24:24.950Z] [unzip] deflating: C:\Users\sugi2\.cache\firebase\emulators\ui-v1.15.0\client\safari-pinned-tab.svg
[debug] [2025-09-12T13:24:24.953Z] [unzip] Entry: client/favicon.ico (compressed_size=2933 bytes, uncompressed_size=13294 bytes)
[debug] [2025-09-12T13:24:24.953Z] [unzip] Processing entry: client\favicon.ico
[debug] [2025-09-12T13:24:24.953Z] [unzip] else mkdir: C:\Users\sugi2\.cache\firebase\emulators\ui-v1.15.0\client
[debug] [2025-09-12T13:24:24.953Z] [unzip] deflating: C:\Users\sugi2\.cache\firebase\emulators\ui-v1.15.0\client\favicon.ico
[debug] [2025-09-12T13:24:24.954Z] [unzip] Entry: client/index.html (compressed_size=1364 bytes, uncompressed_size=3071 bytes)
[debug] [2025-09-12T13:24:24.954Z] [unzip] Processing entry: client\index.html
[debug] [2025-09-12T13:24:24.954Z] [unzip] else mkdir: C:\Users\sugi2\.cache\firebase\emulators\ui-v1.15.0\client
[debug] [2025-09-12T13:24:24.955Z] [unzip] deflating: C:\Users\sugi2\.cache\firebase\emulators\ui-v1.15.0\client\index.html
[debug] [2025-09-12T13:24:24.956Z] [unzip] Entry: client/android-chrome-192x192.png (compressed_size=2684 bytes, uncompressed_size=2684 bytes)
[debug] [2025-09-12T13:24:24.956Z] [unzip] Processing entry: client\android-chrome-192x192.png
[debug] [2025-09-12T13:24:24.956Z] [unzip] else mkdir: C:\Users\sugi2\.cache\firebase\emulators\ui-v1.15.0\client
[debug] [2025-09-12T13:24:24.957Z] [unzip] Writing file: C:\Users\sugi2\.cache\firebase\emulators\ui-v1.15.0\client\android-chrome-192x192.png
[debug] [2025-09-12T13:24:24.957Z] [unzip] Entry: client/apple-touch-icon.png (compressed_size=2123 bytes, uncompressed_size=2152 bytes)
[debug] [2025-09-12T13:24:24.957Z] [unzip] Processing entry: client\apple-touch-icon.png
[debug] [2025-09-12T13:24:24.957Z] [unzip] else mkdir: C:\Users\sugi2\.cache\firebase\emulators\ui-v1.15.0\client
[debug] [2025-09-12T13:24:24.957Z] [unzip] deflating: C:\Users\sugi2\.cache\firebase\emulators\ui-v1.15.0\client\apple-touch-icon.png
[debug] [2025-09-12T13:24:24.958Z] [unzip] Entry: client/android-chrome-512x512.png (compressed_size=5369 bytes, uncompressed_size=5411 bytes)
[debug] [2025-09-12T13:24:24.958Z] [unzip] Processing entry: client\android-chrome-512x512.png
[debug] [2025-09-12T13:24:24.958Z] [unzip] else mkdir: C:\Users\sugi2\.cache\firebase\emulators\ui-v1.15.0\client
[debug] [2025-09-12T13:24:24.959Z] [unzip] deflating: C:\Users\sugi2\.cache\firebase\emulators\ui-v1.15.0\client\android-chrome-512x512.png
[debug] [2025-09-12T13:24:24.959Z] [unzip] Entry: client/manifest.json (compressed_size=245 bytes, uncompressed_size=551 bytes)
[debug] [2025-09-12T13:24:24.960Z] [unzip] Processing entry: client\manifest.json
[debug] [2025-09-12T13:24:24.960Z] [unzip] else mkdir: C:\Users\sugi2\.cache\firebase\emulators\ui-v1.15.0\client
[debug] [2025-09-12T13:24:24.960Z] [unzip] deflating: C:\Users\sugi2\.cache\firebase\emulators\ui-v1.15.0\client\manifest.json
[debug] [2025-09-12T13:24:24.961Z] [unzip] Entry: client/robots.txt (compressed_size=26 bytes, uncompressed_size=26 bytes)
[debug] [2025-09-12T13:24:24.961Z] [unzip] Processing entry: client\robots.txt
[debug] [2025-09-12T13:24:24.961Z] [unzip] else mkdir: C:\Users\sugi2\.cache\firebase\emulators\ui-v1.15.0\client
[debug] [2025-09-12T13:24:24.961Z] [unzip] Writing file: C:\Users\sugi2\.cache\firebase\emulators\ui-v1.15.0\client\robots.txt
[debug] [2025-09-12T13:24:24.961Z] [unzip] Entry: client/mstile-150x150.png (compressed_size=2034 bytes, uncompressed_size=2034 bytes)
[debug] [2025-09-12T13:24:24.962Z] [unzip] Processing entry: client\mstile-150x150.png
[debug] [2025-09-12T13:24:24.962Z] [unzip] else mkdir: C:\Users\sugi2\.cache\firebase\emulators\ui-v1.15.0\client
[debug] [2025-09-12T13:24:24.962Z] [unzip] Writing file: C:\Users\sugi2\.cache\firebase\emulators\ui-v1.15.0\client\mstile-150x150.png
[debug] [2025-09-12T13:24:24.963Z] [unzip] Entry: client/assets/ (compressed_size=0 bytes, uncompressed_size=0 bytes)
[debug] [2025-09-12T13:24:24.963Z] [unzip] Processing entry: client\assets\
[debug] [2025-09-12T13:24:24.963Z] [unzip] mkdir: C:\Users\sugi2\.cache\firebase\emulators\ui-v1.15.0\client\assets\
[debug] [2025-09-12T13:24:24.963Z] [unzip] Entry: client/assets/index-BX-A56oj.js (compressed_size=582089 bytes, uncompressed_size=2092775 bytes)
[debug] [2025-09-12T13:24:24.963Z] [unzip] Processing entry: client\assets\index-BX-A56oj.js
[debug] [2025-09-12T13:24:24.963Z] [unzip] else mkdir: C:\Users\sugi2\.cache\firebase\emulators\ui-v1.15.0\client\assets
[debug] [2025-09-12T13:24:24.963Z] [unzip] deflating: C:\Users\sugi2\.cache\firebase\emulators\ui-v1.15.0\client\assets\index-BX-A56oj.js
[debug] [2025-09-12T13:24:24.974Z] [unzip] Entry: client/assets/index-CjB9C900.css (compressed_size=35979 bytes, uncompressed_size=298654 bytes)
[debug] [2025-09-12T13:24:24.975Z] [unzip] Processing entry: client\assets\index-CjB9C900.css
[debug] [2025-09-12T13:24:24.975Z] [unzip] else mkdir: C:\Users\sugi2\.cache\firebase\emulators\ui-v1.15.0\client\assets
[debug] [2025-09-12T13:24:24.975Z] [unzip] deflating: C:\Users\sugi2\.cache\firebase\emulators\ui-v1.15.0\client\assets\index-CjB9C900.css
[debug] [2025-09-12T13:24:24.977Z] [unzip] Entry: client/assets/index-BX-A56oj.js.map (compressed_size=2362482 bytes, uncompressed_size=10036679 bytes)
[debug] [2025-09-12T13:24:24.977Z] [unzip] Processing entry: client\assets\index-BX-A56oj.js.map
[debug] [2025-09-12T13:24:24.977Z] [unzip] else mkdir: C:\Users\sugi2\.cache\firebase\emulators\ui-v1.15.0\client\assets
[debug] [2025-09-12T13:24:24.977Z] [unzip] deflating: C:\Users\sugi2\.cache\firebase\emulators\ui-v1.15.0\client\assets\index-BX-A56oj.js.map
[debug] [2025-09-12T13:24:25.033Z] [unzip] Entry: client/assets/extensions/ (compressed_size=0 bytes, uncompressed_size=0 bytes)
[debug] [2025-09-12T13:24:25.033Z] [unzip] Processing entry: client\assets\extensions\
[debug] [2025-09-12T13:24:25.034Z] [unzip] mkdir: C:\Users\sugi2\.cache\firebase\emulators\ui-v1.15.0\client\assets\extensions\
[debug] [2025-09-12T13:24:25.034Z] [unzip] Entry: client/assets/extensions/default-extension.png (compressed_size=1646 bytes, uncompressed_size=1657 bytes)
[debug] [2025-09-12T13:24:25.034Z] [unzip] Processing entry: client\assets\extensions\default-extension.png
[debug] [2025-09-12T13:24:25.034Z] [unzip] else mkdir: C:\Users\sugi2\.cache\firebase\emulators\ui-v1.15.0\client\assets\extensions
[debug] [2025-09-12T13:24:25.035Z] [unzip] deflating: C:\Users\sugi2\.cache\firebase\emulators\ui-v1.15.0\client\assets\extensions\default-extension.png
[debug] [2025-09-12T13:24:25.036Z] [unzip] Entry: client/assets/img/ (compressed_size=0 bytes, uncompressed_size=0 bytes)
[debug] [2025-09-12T13:24:25.036Z] [unzip] Processing entry: client\assets\img\
[debug] [2025-09-12T13:24:25.036Z] [unzip] mkdir: C:\Users\sugi2\.cache\firebase\emulators\ui-v1.15.0\client\assets\img\
[debug] [2025-09-12T13:24:25.037Z] [unzip] Entry: client/assets/img/database.png (compressed_size=29449 bytes, uncompressed_size=29988 bytes)
[debug] [2025-09-12T13:24:25.037Z] [unzip] Processing entry: client\assets\img\database.png
[debug] [2025-09-12T13:24:25.037Z] [unzip] else mkdir: C:\Users\sugi2\.cache\firebase\emulators\ui-v1.15.0\client\assets\img
[debug] [2025-09-12T13:24:25.037Z] [unzip] deflating: C:\Users\sugi2\.cache\firebase\emulators\ui-v1.15.0\client\assets\img\database.png
[debug] [2025-09-12T13:24:25.038Z] [unzip] Entry: client/assets/provider-icons/ (compressed_size=0 bytes, uncompressed_size=0 bytes)
[debug] [2025-09-12T13:24:25.038Z] [unzip] Processing entry: client\assets\provider-icons\
[debug] [2025-09-12T13:24:25.038Z] [unzip] mkdir: C:\Users\sugi2\.cache\firebase\emulators\ui-v1.15.0\client\assets\provider-icons\
[debug] [2025-09-12T13:24:25.039Z] [unzip] Entry: client/assets/provider-icons/auth_service_saml.svg (compressed_size=575 bytes, uncompressed_size=1226 bytes)
[debug] [2025-09-12T13:24:25.039Z] [unzip] Processing entry: client\assets\provider-icons\auth_service_saml.svg
[debug] [2025-09-12T13:24:25.039Z] [unzip] else mkdir: C:\Users\sugi2\.cache\firebase\emulators\ui-v1.15.0\client\assets\provider-icons
[debug] [2025-09-12T13:24:25.039Z] [unzip] deflating: C:\Users\sugi2\.cache\firebase\emulators\ui-v1.15.0\client\assets\provider-icons\auth_service_saml.svg
[debug] [2025-09-12T13:24:25.040Z] [unzip] Entry: client/assets/provider-icons/auth_service_phone.svg (compressed_size=261 bytes, uncompressed_size=414 bytes)
[debug] [2025-09-12T13:24:25.040Z] [unzip] Processing entry: client\assets\provider-icons\auth_service_phone.svg
[debug] [2025-09-12T13:24:25.040Z] [unzip] else mkdir: C:\Users\sugi2\.cache\firebase\emulators\ui-v1.15.0\client\assets\provider-icons
[debug] [2025-09-12T13:24:25.041Z] [unzip] deflating: C:\Users\sugi2\.cache\firebase\emulators\ui-v1.15.0\client\assets\provider-icons\auth_service_phone.svg
[debug] [2025-09-12T13:24:25.042Z] [unzip] Entry: client/assets/provider-icons/auth_service_facebook.svg (compressed_size=289 bytes, uncompressed_size=457 bytes)
[debug] [2025-09-12T13:24:25.042Z] [unzip] Processing entry: client\assets\provider-icons\auth_service_facebook.svg
[debug] [2025-09-12T13:24:25.042Z] [unzip] else mkdir: C:\Users\sugi2\.cache\firebase\emulators\ui-v1.15.0\client\assets\provider-icons
[debug] [2025-09-12T13:24:25.042Z] [unzip] deflating: C:\Users\sugi2\.cache\firebase\emulators\ui-v1.15.0\client\assets\provider-icons\auth_service_facebook.svg
[debug] [2025-09-12T13:24:25.044Z] [unzip] Entry: client/assets/provider-icons/auth_service_game_center.svg (compressed_size=991 bytes, uncompressed_size=3921 bytes)
[debug] [2025-09-12T13:24:25.044Z] [unzip] Processing entry: client\assets\provider-icons\auth_service_game_center.svg
[debug] [2025-09-12T13:24:25.044Z] [unzip] else mkdir: C:\Users\sugi2\.cache\firebase\emulators\ui-v1.15.0\client\assets\provider-icons
[debug] [2025-09-12T13:24:25.044Z] [unzip] deflating: C:\Users\sugi2\.cache\firebase\emulators\ui-v1.15.0\client\assets\provider-icons\auth_service_game_center.svg
[debug] [2025-09-12T13:24:25.045Z] [unzip] Entry: client/assets/provider-icons/auth_service_apple.svg (compressed_size=230 bytes, uncompressed_size=334 bytes)
[debug] [2025-09-12T13:24:25.045Z] [unzip] Processing entry: client\assets\provider-icons\auth_service_apple.svg
[debug] [2025-09-12T13:24:25.045Z] [unzip] else mkdir: C:\Users\sugi2\.cache\firebase\emulators\ui-v1.15.0\client\assets\provider-icons
[debug] [2025-09-12T13:24:25.045Z] [unzip] deflating: C:\Users\sugi2\.cache\firebase\emulators\ui-v1.15.0\client\assets\provider-icons\auth_service_apple.svg
[debug] [2025-09-12T13:24:25.046Z] [unzip] Entry: client/assets/provider-icons/auth_service_github.svg (compressed_size=466 bytes, uncompressed_size=838 bytes)
[debug] [2025-09-12T13:24:25.046Z] [unzip] Processing entry: client\assets\provider-icons\auth_service_github.svg
[debug] [2025-09-12T13:24:25.046Z] [unzip] else mkdir: C:\Users\sugi2\.cache\firebase\emulators\ui-v1.15.0\client\assets\provider-icons
[debug] [2025-09-12T13:24:25.046Z] [unzip] deflating: C:\Users\sugi2\.cache\firebase\emulators\ui-v1.15.0\client\assets\provider-icons\auth_service_github.svg
[debug] [2025-09-12T13:24:25.048Z] [unzip] Entry: client/assets/provider-icons/auth_service_mslive.svg (compressed_size=203 bytes, uncompressed_size=378 bytes)
[debug] [2025-09-12T13:24:25.048Z] [unzip] Processing entry: client\assets\provider-icons\auth_service_mslive.svg
[debug] [2025-09-12T13:24:25.048Z] [unzip] else mkdir: C:\Users\sugi2\.cache\firebase\emulators\ui-v1.15.0\client\assets\provider-icons
[debug] [2025-09-12T13:24:25.048Z] [unzip] deflating: C:\Users\sugi2\.cache\firebase\emulators\ui-v1.15.0\client\assets\provider-icons\auth_service_mslive.svg
[debug] [2025-09-12T13:24:25.049Z] [unzip] Entry: client/assets/provider-icons/auth_service_yahoo.svg (compressed_size=577 bytes, uncompressed_size=1182 bytes)
[debug] [2025-09-12T13:24:25.049Z] [unzip] Processing entry: client\assets\provider-icons\auth_service_yahoo.svg
[debug] [2025-09-12T13:24:25.049Z] [unzip] else mkdir: C:\Users\sugi2\.cache\firebase\emulators\ui-v1.15.0\client\assets\provider-icons
[debug] [2025-09-12T13:24:25.049Z] [unzip] deflating: C:\Users\sugi2\.cache\firebase\emulators\ui-v1.15.0\client\assets\provider-icons\auth_service_yahoo.svg
[debug] [2025-09-12T13:24:25.050Z] [unzip] Entry: client/assets/provider-icons/auth_service_twitter.svg (compressed_size=444 bytes, uncompressed_size=751 bytes)
[debug] [2025-09-12T13:24:25.050Z] [unzip] Processing entry: client\assets\provider-icons\auth_service_twitter.svg
[debug] [2025-09-12T13:24:25.050Z] [unzip] else mkdir: C:\Users\sugi2\.cache\firebase\emulators\ui-v1.15.0\client\assets\provider-icons
[debug] [2025-09-12T13:24:25.050Z] [unzip] deflating: C:\Users\sugi2\.cache\firebase\emulators\ui-v1.15.0\client\assets\provider-icons\auth_service_twitter.svg
[debug] [2025-09-12T13:24:25.051Z] [unzip] Entry: client/assets/provider-icons/auth_service_play_games.svg (compressed_size=565 bytes, uncompressed_size=1173 bytes)
[debug] [2025-09-12T13:24:25.051Z] [unzip] Processing entry: client\assets\provider-icons\auth_service_play_games.svg
[debug] [2025-09-12T13:24:25.051Z] [unzip] else mkdir: C:\Users\sugi2\.cache\firebase\emulators\ui-v1.15.0\client\assets\provider-icons
[debug] [2025-09-12T13:24:25.051Z] [unzip] deflating: C:\Users\sugi2\.cache\firebase\emulators\ui-v1.15.0\client\assets\provider-icons\auth_service_play_games.svg
[debug] [2025-09-12T13:24:25.052Z] [unzip] Entry: client/assets/provider-icons/auth_service_email.svg (compressed_size=228 bytes, uncompressed_size=326 bytes)
[debug] [2025-09-12T13:24:25.052Z] [unzip] Processing entry: client\assets\provider-icons\auth_service_email.svg
[debug] [2025-09-12T13:24:25.052Z] [unzip] else mkdir: C:\Users\sugi2\.cache\firebase\emulators\ui-v1.15.0\client\assets\provider-icons
[debug] [2025-09-12T13:24:25.052Z] [unzip] deflating: C:\Users\sugi2\.cache\firebase\emulators\ui-v1.15.0\client\assets\provider-icons\auth_service_email.svg
[debug] [2025-09-12T13:24:25.053Z] [unzip] Entry: client/assets/provider-icons/auth_service_google.svg (compressed_size=409 bytes, uncompressed_size=720 bytes)
[debug] [2025-09-12T13:24:25.053Z] [unzip] Processing entry: client\assets\provider-icons\auth_service_google.svg
[debug] [2025-09-12T13:24:25.053Z] [unzip] else mkdir: C:\Users\sugi2\.cache\firebase\emulators\ui-v1.15.0\client\assets\provider-icons
[debug] [2025-09-12T13:24:25.054Z] [unzip] deflating: C:\Users\sugi2\.cache\firebase\emulators\ui-v1.15.0\client\assets\provider-icons\auth_service_google.svg
[debug] [2025-09-12T13:24:25.054Z] [unzip] Entry: client/assets/provider-icons/auth_service_oidc.svg (compressed_size=414 bytes, uncompressed_size=858 bytes)
[debug] [2025-09-12T13:24:25.055Z] [unzip] Processing entry: client\assets\provider-icons\auth_service_oidc.svg
[debug] [2025-09-12T13:24:25.055Z] [unzip] else mkdir: C:\Users\sugi2\.cache\firebase\emulators\ui-v1.15.0\client\assets\provider-icons
[debug] [2025-09-12T13:24:25.057Z] [unzip] deflating: C:\Users\sugi2\.cache\firebase\emulators\ui-v1.15.0\client\assets\provider-icons\auth_service_oidc.svg
[debug] [2025-09-12T13:24:25.058Z] [unzip] Entry: client/browserconfig.xml (compressed_size=491 bytes, uncompressed_size=822 bytes)
[debug] [2025-09-12T13:24:25.058Z] [unzip] Processing entry: client\browserconfig.xml
[debug] [2025-09-12T13:24:25.058Z] [unzip] else mkdir: C:\Users\sugi2\.cache\firebase\emulators\ui-v1.15.0\client
[debug] [2025-09-12T13:24:25.059Z] [unzip] deflating: C:\Users\sugi2\.cache\firebase\emulators\ui-v1.15.0\client\browserconfig.xml
[debug] [2025-09-12T13:24:25.060Z] [unzip] Entry: client/favicon-32x32.png (compressed_size=475 bytes, uncompressed_size=475 bytes)
[debug] [2025-09-12T13:24:25.060Z] [unzip] Processing entry: client\favicon-32x32.png
[debug] [2025-09-12T13:24:25.060Z] [unzip] else mkdir: C:\Users\sugi2\.cache\firebase\emulators\ui-v1.15.0\client
[debug] [2025-09-12T13:24:25.061Z] [unzip] Writing file: C:\Users\sugi2\.cache\firebase\emulators\ui-v1.15.0\client\favicon-32x32.png
[debug] [2025-09-12T13:24:25.061Z] [unzip] Entry: server/ (compressed_size=0 bytes, uncompressed_size=0 bytes)
[debug] [2025-09-12T13:24:25.061Z] [unzip] Processing entry: server\
[debug] [2025-09-12T13:24:25.061Z] [unzip] mkdir: C:\Users\sugi2\.cache\firebase\emulators\ui-v1.15.0\server\
[debug] [2025-09-12T13:24:25.062Z] [unzip] Entry: server/server.mjs.map (compressed_size=217845 bytes, uncompressed_size=944978 bytes)
[debug] [2025-09-12T13:24:25.062Z] [unzip] Processing entry: server\server.mjs.map
[debug] [2025-09-12T13:24:25.062Z] [unzip] else mkdir: C:\Users\sugi2\.cache\firebase\emulators\ui-v1.15.0\server
[debug] [2025-09-12T13:24:25.062Z] [unzip] deflating: C:\Users\sugi2\.cache\firebase\emulators\ui-v1.15.0\server\server.mjs.map
[debug] [2025-09-12T13:24:25.067Z] [unzip] Entry: server/server.mjs (compressed_size=276407 bytes, uncompressed_size=933701 bytes)
[debug] [2025-09-12T13:24:25.067Z] [unzip] Processing entry: server\server.mjs
[debug] [2025-09-12T13:24:25.067Z] [unzip] else mkdir: C:\Users\sugi2\.cache\firebase\emulators\ui-v1.15.0\server
[debug] [2025-09-12T13:24:25.068Z] [unzip] deflating: C:\Users\sugi2\.cache\firebase\emulators\ui-v1.15.0\server\server.mjs
[debug] [2025-09-12T13:24:25.075Z] [Extensions] Connecting Extensions emulator, this is a noop.
[info] i  functions: Watching "C:\Users\sugi2\OneDrive\プログラミング\ハッカソン\team-35-app\team-35\functions" for Cloud Functions... {"metadata":{"emulator":{"name":"functions"},"message":"Watching \"C:\\Users\\sugi2\\OneDrive\\プログラミング\\ハッカソン\\team-35-app\\team-35\\functions\" for Cloud Functions..."}}
[debug] [2025-09-12T13:24:25.082Z] Validating nodejs source
[debug] [2025-09-12T13:24:25.825Z] > [functions] package.json contents: {
  "name": "functions",
  "scripts": {
    "lint": "eslint --ext .js,.ts .",
    "build": "tsc",
    "build:watch": "tsc --watch",
    "serve": "npm run build && firebase emulators:start --only functions",
    "shell": "npm run build && firebase functions:shell",
    "start": "npm run shell",
    "deploy": "firebase deploy --only functions",
    "logs": "firebase functions:log"
  },
  "engines": {
    "node": "22"
  },
  "main": "lib/index.js",
  "dependencies": {
    "firebase-admin": "^12.6.0",
    "firebase-functions": "^6.0.1"
  },
  "devDependencies": {
    "@typescript-eslint/eslint-plugin": "^5.12.0",
    "@typescript-eslint/parser": "^5.12.0",
    "eslint": "^8.9.0",
    "eslint-config-google": "^0.14.0",
    "eslint-plugin-import": "^2.25.4",
    "firebase-functions-test": "^3.1.0",
    "typescript": "^5.7.3"
  },
  "private": true
}
[error] !!  functions: Failed to load function definition from source: FirebaseError: There was an error reading functions\package.json:

 functions\lib\index.js does not exist, can't deploy Cloud Functions {"metadata":{"emulator":{"name":"functions"},"message":"Failed to load function definition from source: FirebaseError: There was an error reading functions\\package.json:\n\n functions\\lib\\index.js does not exist, can't deploy Cloud Functions"}}
[debug] [2025-09-12T13:24:25.828Z] Could not find VSCode notification endpoint: FetchError: request to http://localhost:40001/vscode/notify failed, reason: . If you are not running the Firebase Data Connect VSCode extension, this is expected and not an issue.
[info] 
┌─────────────────────────────────────────────────────────────┐
│ ✔  All emulators ready! It is now safe to connect your app. │
│ i  View Emulator UI at http://127.0.0.1:4000/               │
└─────────────────────────────────────────────────────────────┘

┌────────────┬────────────────┬──────────────────────────────────┐
│ Emulator   │ Host:Port      │ View in Emulator UI              │
├────────────┼────────────────┼──────────────────────────────────┤
│ Functions  │ 127.0.0.1:5001 │ http://127.0.0.1:4000/functions  │
├────────────┼────────────────┼──────────────────────────────────┤
│ Hosting    │ 127.0.0.1:5000 │ n/a                              │
├────────────┼────────────────┼──────────────────────────────────┤
│ Extensions │ 127.0.0.1:5001 │ http://127.0.0.1:4000/extensions │
└────────────┴────────────────┴──────────────────────────────────┘
  Emulator Hub host: 127.0.0.1 port: 4400
  Other reserved ports: 4500
┌─────────────────────────┬───────────────┬─────────────────────┐
│ Extension Instance Name │ Extension Ref │ View in Emulator UI │
└─────────────────────────┴───────────────┴─────────────────────┘
Issues? Report them at https://github.com/firebase/firebase-tools/issues and attach the *-debug.log files.
 
